
> carpinteria-gestion@0.1.0 build
> next build

▲ Next.js 16.2.9 (Turbopack)
- Environments: .env

  Creating an optimized production build ...
✓ Compiled successfully in 3.2s
  Running TypeScript ...
  Finished TypeScript in 5.8s ...
  Collecting page data using 7 workers ...
  Generating static pages using 7 workers (0/6) ...
  Generating static pages using 7 workers (1/6) 
  Generating static pages using 7 workers (2/6) 
  Generating static pages using 7 workers (4/6) 
✓ Generating static pages using 7 workers (6/6) in 367ms
  Finalizing page optimization ...

Route (app)
┌ ƒ /
├ ○ /_not-found
├ ƒ /api/auth/login
├ ƒ /api/projects/[id]
├ ƒ /clientes
├ ƒ /clientes/[id]
├ ○ /dashboard
├ ƒ /empleados
├ ƒ /gastos
├ ƒ /inventario
├ ƒ /proyectos
├ ƒ /proyectos/[id]
└ ○ /respaldos


○  (Static)   prerendered as static content
ƒ  (Dynamic)  server-rendered on demand

